<?xml version="1.0" encoding="UTF-8"?>
<testsuites>
  <testsuite id="0" name="C:\Users\paviott\source\react-appinsights\test\ReactAI.test.ts" errors="0" package="C:\Users\paviott\source\react-appinsights\test\ReactAI.test.ts" hostname="localhost" tests="6" failures="0" time="2.779" timestamp="2019-03-18T15:48:31">
    <properties>
    </properties>
    <testcase classname="ReactAI" name="initializes correctly" time="0">
    </testcase>
    <testcase classname="ReactAI" name="sets debug mode as expected" time="0">
    </testcase>
    <testcase classname="ReactAI" name="sets context correctly" time="0">
    </testcase>
    <testcase classname="ReactAI" name="resets context correctly" time="0">
    </testcase>
    <testcase classname="ReactAI" name="resets context on initialization" time="0">
    </testcase>
    <testcase classname="ReactAI" name="tracks page views" time="0">
    </testcase>
    <system-out/>
    <system-err/>
  </testsuite>
  <testsuite id="1" name="C:\Users\paviott\source\react-appinsights\test\withAITracking.test.tsx" errors="0" package="C:\Users\paviott\source\react-appinsights\test\withAITracking.test.tsx" hostname="localhost" tests="4" failures="0" time="3.915" timestamp="2019-03-18T15:48:31">
    <properties>
    </properties>
    <testcase classname="withAITracking(TestComponent)" name="should wrap &lt;TestComponent /&gt;" time="0">
    </testcase>
    <testcase classname="withAITracking(TestComponent)" name="shouldn&apos;t call trackMetric if there&apos;s no user interaction" time="0">
    </testcase>
    <testcase classname="withAITracking(TestComponent)" name="should call trackMetric if there is user interaction" time="0">
    </testcase>
    <testcase classname="withAITracking(TestComponent)" name="should use the passed component name in trackMetric" time="0">
    </testcase>
    <system-out/>
    <system-err/>
  </testsuite>
</testsuites>